Build started 24.08.2013 14:29:43.
     1>Project "D:\Games\sdl\sdl-game\sdl-game.vcxproj" on node 2 (Build target(s)).
     1>InitializeBuildStatus:
         Touching "Debug\sdl-game.unsuccessfulbuild".
       ClCompile:
         All outputs are up-to-date.
       Link:
         C:\Program Files (x86)\Microsoft Visual Studio 11.0\VC\bin\link.exe /ERRORREPORT:PROMPT /OUT:"D:\Games\sdl\sdl-game\Debug\sdl-game.exe" /INCREMENTAL /NOLOGO /LIBPATH:"D:\Games\sdl\sdl-game\lib\\" SDL2.lib kernel32.lib user32.lib gdi32.lib winspool.lib comdlg32.lib advapi32.lib shell32.lib ole32.lib oleaut32.lib uuid.lib odbc32.lib odbccp32.lib kernel32.lib user32.lib gdi32.lib winspool.lib comdlg32.lib advapi32.lib shell32.lib ole32.lib oleaut32.lib uuid.lib odbc32.lib odbccp32.lib /MANIFEST /MANIFESTUAC:"level='asInvoker' uiAccess='false'" /manifest:embed /DEBUG /PDB:"D:\Games\sdl\sdl-game\Debug\sdl-game.pdb" /SUBSYSTEM:WINDOWS /TLBID:1 /DYNAMICBASE /NXCOMPAT /IMPLIB:"D:\Games\sdl\sdl-game\Debug\sdl-game.lib" /MACHINE:X86 Debug\Main.obj
     1>Main.obj : error LNK2019: unresolved external symbol _SDL_CreateWindow referenced in function _SDL_main
     1>Main.obj : error LNK2019: unresolved external symbol _SDL_DestroyWindow referenced in function _SDL_main
     1>Main.obj : error LNK2019: unresolved external symbol _SDL_PollEvent referenced in function _SDL_main
     1>Main.obj : error LNK2019: unresolved external symbol _SDL_CreateRenderer referenced in function _SDL_main
     1>Main.obj : error LNK2019: unresolved external symbol _SDL_RenderClear referenced in function _SDL_main
     1>Main.obj : error LNK2019: unresolved external symbol _SDL_RenderPresent referenced in function _SDL_main
     1>Main.obj : error LNK2019: unresolved external symbol _SDL_DestroyRenderer referenced in function _SDL_main
     1>Main.obj : error LNK2019: unresolved external symbol _SDL_Init referenced in function _SDL_main
     1>Main.obj : error LNK2019: unresolved external symbol _SDL_Quit referenced in function _SDL_main
     1>MSVCRT.lib(crtexew.obj) : error LNK2019: unresolved external symbol _WinMain@16 referenced in function ___tmainCRTStartup
     1>D:\Games\sdl\sdl-game\Debug\sdl-game.exe : fatal error LNK1120: 10 unresolved externals
     1>Done Building Project "D:\Games\sdl\sdl-game\sdl-game.vcxproj" (Build target(s)) -- FAILED.

Build FAILED.

Time Elapsed 00:00:00.41
